[37m[2020-3-26 11:30:27][0m [36m[HB Supervisor][0m Homebridge Path: /usr/lib/node_modules/homebridge/bin/homebridge
[37m[2020-3-26 11:30:27][0m [36m[HB Supervisor][0m UI Path: /usr/lib/node_modules/homebridge-config-ui-x/dist/bin/standalone.js
[37m[2020-3-26 11:30:27][0m [36m[HB Supervisor][0m Starting Homebridge with extra flags: -I
[37m[2020-3-26 11:30:27][0m [36m[HB Supervisor][0m Started Homebridge with PID: 14353
[37m[2020-3-26 11:30:29][39m Loaded config.json with 0 accessories and 1 platforms.
[37m[2020-3-26 11:30:29][39m ---
[0;37m[2020-3-26 11:30:31] [0m[0;36m[Config][0m [0;33mHomebridge Config UI X v4.13.2 is listening on :: port 8581[0m
[37m[2020-3-26 11:30:30][39m Loaded plugin: homebridge-config-ui-x
[37m[2020-3-26 11:30:30][39m Registering platform 'homebridge-config-ui-x.config'
[37m[2020-3-26 11:30:30][39m ---
[37m[2020-3-26 11:30:30][39m Loaded plugin: homebridge-harmonyhub
[37m[2020-3-26 11:30:32][39m Registering platform 'homebridge-harmonyhub.HarmonyHub'
[37m[2020-3-26 11:30:32][39m ---
[37m[2020-3-26 11:30:32][39m Loading 1 platforms...
[37m[2020-3-26 11:30:32][39m [36m[Config][39m Initializing config platform...
[37m[2020-3-26 11:30:32][39m [36m[Config][39m Running in Service Mode
[37m[2020-3-26 11:30:32][39m Loading 0 accessories...
Load homebridge-harmonyhub.HarmonyHub
Setup Payload:
X-HM://00252ASPZ418P
Enter this code with your HomeKit app on your iOS device to pair with Homebridge:
[30m[47m                       [49m[39m
[30m[47m    â”Œâ”€â”€â”€â”€â”€â”€â”€â”€â”€â”€â”€â”€â”     [49m[39m
[30m[47m    â”‚ 963-55-815 â”‚     [49m[39m
[30m[47m    â””â”€â”€â”€â”€â”€â”€â”€â”€â”€â”€â”€â”€â”˜     [49m[39m
[30m[47m                       [49m[39m
[37m[2020-3-26 11:30:32][39m Homebridge is running on port 51294.
[37m[2020-3-26 11:30:32][39m [36m[homebridge-harmonyhub.HarmonyHub][39m [33mIgnoring Harmony Platform setup because it is not configured[39m
[0;37m[2020-3-26 11:30:33] [0m[0;36m[Config][0m [0;33mAdded new user: admin[0m
[0;37m[2020-3-26 11:30:33] [0m[0;36m[Config][0m Username and password have been set to default:
[0;37m[2020-3-26 11:30:33] [0m[0;36m[Config][0m Username: admin
[0;37m[2020-3-26 11:30:33] [0m[0;36m[Config][0m Password: admin
